<?xml version="1.0" encoding="UTF-8"?><testsuite errors="0" failures="1" name="CreateAccount.MyFirstTest" skipped="0" tests="1" time="0.0" timestamp="2017-10-302 12:34:08"><testcase classname="CreateAccount.MyFirstTest" name="Initialisation"><failure message="The page object class pages.HomePage looks dodgy:&#10;Failed to instantiate page (java.lang.NullPointerException)" type="net.thucydides.core.pages.WrongPageError">The page object class pages.HomePage looks dodgy:
Failed to instantiate page (java.lang.NullPointerException)</failure><system-err>The page object class pages.HomePage looks dodgy:
Failed to instantiate page (java.lang.NullPointerException)
</system-err></testcase></testsuite>